ERROR 2018-02-27 14:59:56,482 task 6708 2560 {"result":1,"msg":"发送成功"}
None
ERROR 2018-02-27 14:59:56,482 task 6708 2560 'errcode'
Traceback (most recent call last):
  File "C:\Users\Administrator\Desktop\Apoint\apoint\task.py", line 92, in ModelNews
    if (eval(r.content)['errcode'] != 0):
KeyError: 'errcode'
ERROR 2018-03-05 18:13:52,528 task 5304 4852 {"result":1,"msg":"发送成功"}
None
ERROR 2018-03-05 18:13:52,529 task 5304 4852 'errcode'
Traceback (most recent call last):
  File "C:\Users\Administrator\Desktop\Apoint\apoint\task.py", line 106, in ModelNews
    if (eval(r.content)['errcode'] != 0):
KeyError: 'errcode'
ERROR 2018-03-05 18:13:52,789 task 5304 4852 'errcode'
Traceback (most recent call last):
  File "C:\Users\Administrator\Desktop\Apoint\apoint\task.py", line 144, in IntegralChange
    if (eval(r.content)['errcode'] != 0):
KeyError: 'errcode'
ERROR 2018-03-05 18:18:42,437 task 5304 6104 {"result":1,"msg":"发送成功"}
None
ERROR 2018-03-05 18:18:42,437 task 5304 6104 'errcode'
Traceback (most recent call last):
  File "C:\Users\Administrator\Desktop\Apoint\apoint\task.py", line 106, in ModelNews
    if (eval(r.content)['errcode'] != 0):
KeyError: 'errcode'
ERROR 2018-03-05 18:18:43,032 task 5304 6104 'errcode'
Traceback (most recent call last):
  File "C:\Users\Administrator\Desktop\Apoint\apoint\task.py", line 144, in IntegralChange
    if (eval(r.content)['errcode'] != 0):
KeyError: 'errcode'
ERROR 2018-03-06 12:19:51,233 task 9620 10884 'errcode'
Traceback (most recent call last):
  File "C:\Users\Administrator\Desktop\Apoint\apoint\task.py", line 144, in IntegralChange
    if (eval(r.content)['errcode'] != 0):
KeyError: 'errcode'
ERROR 2018-03-06 12:20:05,957 task 9620 10360 {"result":1,"msg":"发送成功"}
None
ERROR 2018-03-06 12:20:05,957 task 9620 10360 'errcode'
Traceback (most recent call last):
  File "C:\Users\Administrator\Desktop\Apoint\apoint\task.py", line 106, in ModelNews
    if (eval(r.content)['errcode'] != 0):
KeyError: 'errcode'
ERROR 2018-03-06 12:20:06,180 task 9620 10360 'errcode'
Traceback (most recent call last):
  File "C:\Users\Administrator\Desktop\Apoint\apoint\task.py", line 144, in IntegralChange
    if (eval(r.content)['errcode'] != 0):
KeyError: 'errcode'
ERROR 2018-03-06 12:20:18,888 task 9620 10988 {"result":1,"msg":"发送成功"}
None
ERROR 2018-03-06 12:20:18,890 task 9620 10988 'errcode'
Traceback (most recent call last):
  File "C:\Users\Administrator\Desktop\Apoint\apoint\task.py", line 106, in ModelNews
    if (eval(r.content)['errcode'] != 0):
KeyError: 'errcode'
ERROR 2018-03-06 12:20:19,227 task 9620 10988 'errcode'
Traceback (most recent call last):
  File "C:\Users\Administrator\Desktop\Apoint\apoint\task.py", line 144, in IntegralChange
    if (eval(r.content)['errcode'] != 0):
KeyError: 'errcode'
ERROR 2018-03-20 16:51:55,375 task 13588 13320 datetime.datetime(2018, 3, 20, 16, 51, 55, 376000) is not JSON serializable
Traceback (most recent call last):
  File "D:\WeChat-power\Apoint\apoint\task.py", line 153, in IntegralChange
    parm = {"wx": settings.WEIXIN, "data": json.dumps(sJson)}
  File "C:\Python27\lib\json\__init__.py", line 244, in dumps
    return _default_encoder.encode(obj)
  File "C:\Python27\lib\json\encoder.py", line 207, in encode
    chunks = self.iterencode(o, _one_shot=True)
  File "C:\Python27\lib\json\encoder.py", line 270, in iterencode
    return _iterencode(o, 0)
  File "C:\Python27\lib\json\encoder.py", line 184, in default
    raise TypeError(repr(o) + " is not JSON serializable")
TypeError: datetime.datetime(2018, 3, 20, 16, 51, 55, 376000) is not JSON serializable
ERROR 2018-03-20 16:54:48,325 task 8444 16200 'errcode'
Traceback (most recent call last):
  File "D:\WeChat-power\Apoint\apoint\task.py", line 155, in IntegralChange
    if (eval(r.content)['errcode'] != 0):
KeyError: 'errcode'
ERROR 2018-03-20 16:55:40,415 task 6404 1104 'errcode'
Traceback (most recent call last):
  File "D:\WeChat-power\Apoint\apoint\task.py", line 156, in IntegralChange
    if (eval(r.content)['errcode'] != 0):
KeyError: 'errcode'
INFO 2018-03-20 18:07:06,265 task 15920 15540 {"result":1,"msg":"发送成功"}
INFO 2018-03-20 18:08:49,391 task 9920 8084 {"result":1,"msg":"发送成功"}
